-------------------------------------------------------------------------------
Test set: com.timing.SpWebsocketApplicationTests
-------------------------------------------------------------------------------
Tests run: 1, Failures: 0, Errors: 1, Skipped: 0, Time elapsed: 0.15 s <<< FAILURE! - in com.timing.SpWebsocketApplicationTests
com.timing.SpWebsocketApplicationTests  Time elapsed: 0.149 s  <<< ERROR!
java.lang.IllegalStateException: Unable to find a @SpringBootConfiguration, you need to use @ContextConfiguration or @SpringBootTest(classes=...) with your test

